INFO:root:2022-10-02 10:06:09.691138: esp/air/temperature 21.29
INFO:root:2022-10-02 10:06:09.938153: esp/air/humidity 66.27
INFO:root:2022-10-02 10:06:09.939154: esp/air/pressure 1010.25
INFO:root:2022-10-02 10:06:10.141161: esp/ground/moisture/1 0.0
INFO:root:2022-10-02 10:06:10.142164: esp/ground/moisture/2 1573.0
INFO:root:2022-10-02 10:06:10.348175: esp/ground/moisture/3 1820.0
INFO:root:2022-10-02 10:06:10.895207: esp/ground/light/colorTemp 0.0
INFO:root:2022-10-02 10:06:11.160219: esp/ground/light/lux 21644.0
INFO:root:2022-10-02 10:06:11.208224: esp/ground/light/red 38490.0
INFO:root:2022-10-02 10:06:11.365233: esp/ground/light/green 42378.0
INFO:root:2022-10-02 10:06:11.431238: esp/ground/light/blue 44742.0
INFO:root:2022-10-02 10:06:11.590245: esp/ground/light/clear 65535.0
INFO:root:2022-10-02 10:06:14.673419: esp/air/temperature 21.27
INFO:root:2022-10-02 10:06:15.052440: esp/air/humidity 66.33
INFO:root:2022-10-02 10:06:15.053441: esp/air/pressure 1010.25
INFO:root:2022-10-02 10:06:15.054441: esp/ground/moisture/1 227.0
INFO:root:2022-10-02 10:06:15.364458: esp/ground/moisture/2 1562.0
INFO:root:2022-10-02 10:06:15.365461: esp/ground/moisture/3 1842.0
INFO:root:2022-10-02 10:06:15.896490: esp/ground/light/colorTemp 0.0
INFO:root:2022-10-02 10:06:16.181507: esp/ground/light/lux 23570.0
INFO:root:2022-10-02 10:06:16.184506: esp/ground/light/red 42224.0
INFO:root:2022-10-02 10:06:16.386523: esp/ground/light/green 46039.0
INFO:root:2022-10-02 10:06:16.395517: esp/ground/light/blue 48350.0
INFO:root:2022-10-02 10:06:16.589528: esp/ground/light/clear 65535.0
INFO:root:2022-10-02 10:06:19.671702: esp/air/temperature 21.28
INFO:root:2022-10-02 10:06:19.966718: esp/air/humidity 66.41
INFO:root:2022-10-02 10:06:19.967720: esp/air/pressure 1010.22
INFO:root:2022-10-02 10:06:20.172729: esp/ground/moisture/1 2163.0
INFO:root:2022-10-02 10:06:20.174730: esp/ground/moisture/2 1585.0
INFO:root:2022-10-02 10:06:20.376742: esp/ground/moisture/3 1835.0
INFO:root:2022-10-02 10:06:20.900771: esp/ground/light/colorTemp 0.0
INFO:root:2022-10-02 10:06:21.196789: esp/ground/light/lux 23219.0
INFO:root:2022-10-02 10:06:21.202792: esp/ground/light/red 41455.0
INFO:root:2022-10-02 10:06:21.399802: esp/ground/light/green 45293.0
INFO:root:2022-10-02 10:06:21.425802: esp/ground/light/blue 47561.0
INFO:root:2022-10-02 10:06:21.445804: esp/ground/light/clear 65535.0
INFO:root:2022-10-02 10:06:24.674985: esp/air/temperature 21.33
INFO:root:2022-10-02 10:06:24.988002: esp/air/humidity 66.44
INFO:root:2022-10-02 10:06:24.990003: esp/air/pressure 1010.26
INFO:root:2022-10-02 10:06:24.991002: esp/ground/moisture/1 2299.0
INFO:root:2022-10-02 10:06:25.292022: esp/ground/moisture/2 1557.0
INFO:root:2022-10-02 10:06:25.296020: esp/ground/moisture/3 1835.0
INFO:root:2022-10-02 10:06:25.897053: esp/ground/light/colorTemp 0.0
INFO:root:2022-10-02 10:06:26.215068: esp/ground/light/lux 23324.0
INFO:root:2022-10-02 10:06:26.216069: esp/ground/light/red 41648.0
INFO:root:2022-10-02 10:06:26.217072: esp/ground/light/green 45456.0
INFO:root:2022-10-02 10:06:26.527085: esp/ground/light/blue 47684.0
INFO:root:2022-10-02 10:06:26.529089: esp/ground/light/clear 65535.0
INFO:root:2022-10-02 10:06:29.680262: esp/air/temperature 21.35
INFO:root:2022-10-02 10:06:29.901275: esp/air/humidity 66.45
INFO:root:2022-10-02 10:06:30.024284: esp/air/pressure 1010.28
INFO:root:2022-10-02 10:06:30.228295: esp/ground/moisture/1 1794.0
INFO:root:2022-10-02 10:06:30.485308: esp/ground/moisture/2 1568.0
INFO:root:2022-10-02 10:06:30.535314: esp/ground/moisture/3 1837.0
INFO:root:2022-10-02 10:06:30.900332: esp/ground/light/colorTemp 0.0
INFO:root:2022-10-02 10:06:31.128344: esp/ground/light/lux 23222.0
INFO:root:2022-10-02 10:06:31.157348: esp/ground/light/red 40636.0
INFO:root:2022-10-02 10:06:31.333356: esp/ground/light/green 44921.0
INFO:root:2022-10-02 10:06:31.349358: esp/ground/light/blue 47118.0
INFO:root:2022-10-02 10:06:31.642375: esp/ground/light/clear 65535.0
INFO:root:2022-10-02 10:06:34.676542: esp/air/temperature 21.35
INFO:root:2022-10-02 10:06:35.020562: esp/air/humidity 66.47
INFO:root:2022-10-02 10:06:35.024563: esp/air/pressure 1010.24
INFO:root:2022-10-02 10:06:35.047564: esp/ground/moisture/1 0.0
INFO:root:2022-10-02 10:06:35.327579: esp/ground/moisture/2 1570.0
INFO:root:2022-10-02 10:06:35.347581: esp/ground/moisture/3 1833.0
INFO:root:2022-10-02 10:06:35.899610: esp/ground/light/colorTemp 0.0
INFO:root:2022-10-02 10:06:36.146626: esp/ground/light/lux 22658.0
INFO:root:2022-10-02 10:06:36.148627: esp/ground/light/red 39846.0
INFO:root:2022-10-02 10:06:36.350635: esp/ground/light/green 43938.0
INFO:root:2022-10-02 10:06:36.351637: esp/ground/light/blue 46120.0
INFO:root:2022-10-02 10:06:36.572648: esp/ground/light/clear 65535.0
INFO:root:2022-10-02 10:06:39.675826: esp/air/temperature 21.39
INFO:root:2022-10-02 10:06:39.935838: esp/air/humidity 66.46
INFO:root:2022-10-02 10:06:39.968841: esp/air/pressure 1010.24
INFO:root:2022-10-02 10:06:40.141850: esp/ground/moisture/1 0.0
INFO:root:2022-10-02 10:06:40.164852: esp/ground/moisture/2 1578.0
INFO:root:2022-10-02 10:06:40.343863: esp/ground/moisture/3 1837.0
INFO:root:2022-10-02 10:06:40.903892: esp/ground/light/colorTemp 0.0
INFO:root:2022-10-02 10:06:41.268916: esp/ground/light/lux 22901.0
INFO:root:2022-10-02 10:06:41.285915: esp/ground/light/red 40019.0
INFO:root:2022-10-02 10:06:41.348918: esp/ground/light/green 44267.0
INFO:root:2022-10-02 10:06:41.576929: esp/ground/light/blue 46420.0
INFO:root:2022-10-02 10:06:41.611933: esp/ground/light/clear 65535.0
